#
# There is insufficient memory for the Java Runtime Environment to continue.
# Native memory allocation (malloc) failed to allocate 491776 bytes for Chunk::new
# Possible reasons:
#   The system is out of physical RAM or swap space
#   In 32 bit mode, the process size limit was hit
# Possible solutions:
#   Reduce memory load on the system
#   Increase physical memory or swap space
#   Check if swap backing store is full
#   Use 64 bit Java on a 64 bit OS
#   Decrease Java heap size (-Xmx/-Xms)
#   Decrease number of Java threads
#   Decrease Java thread stack sizes (-Xss)
#   Set larger code cache with -XX:ReservedCodeCacheSize=
# This output file may be truncated or incomplete.
#
#  Out of Memory Error (allocation.cpp:390), pid=8108, tid=0x000000000000073c
#
# JRE version: OpenJDK Runtime Environment (8.0_152-b01) (build 1.8.0_152-release-1343-b01)
# Java VM: OpenJDK 64-Bit Server VM (25.152-b01 mixed mode windows-amd64 compressed oops)
# Failed to write core dump. Minidumps are not enabled by default on client versions of Windows
#

---------------  T H R E A D  ---------------

Current thread (0x00000000163af000):  JavaThread "C2 CompilerThread1" daemon [_thread_in_native, id=1852, stack(0x0000000017b30000,0x0000000017c30000)]

Stack: [0x0000000017b30000,0x0000000017c30000]
[error occurred during error reporting (printing stack bounds), id 0xc0000005]

Native frames: (J=compiled Java code, j=interpreted, Vv=VM code, C=native code)


Current CompileTask:
C2:  18393 5366       4       java.lang.Class::getMethod0 (40 bytes)


---------------  P R O C E S S  ---------------

Java Threads: ( => current thread )
  0x000000001ca22800 JavaThread "Cache worker for file content cache (C:\Users\cyber\AndroidStudioProjects\Mapademejico\.gradle\5.1.1\fileContent)" [_thread_blocked, id=11104, stack(0x0000000022420000,0x0000000022520000)]
  0x000000001b6c5800 JavaThread "Cache worker for file content cache (C:\Users\cyber\.gradle\caches\5.1.1\fileContent)" [_thread_blocked, id=7172, stack(0x0000000022320000,0x0000000022420000)]
  0x000000001b6c6800 JavaThread "Memory manager" [_thread_blocked, id=724, stack(0x0000000022220000,0x0000000022320000)]
  0x000000001b6c2800 JavaThread "Cache worker for Build Output Cleanup Cache (C:\Users\cyber\AndroidStudioProjects\Mapademejico\.gradle\buildOutputCleanup)" [_thread_blocked, id=3740, stack(0x0000000021120000,0x0000000021220000)]
  0x000000001b6c7000 JavaThread "Build operations Thread 4" [_thread_blocked, id=7644, stack(0x000000001fa50000,0x000000001fb50000)]
  0x000000001b6c4000 JavaThread "Build operations Thread 3" [_thread_blocked, id=9332, stack(0x000000001f950000,0x000000001fa50000)]
  0x000000001b6c2000 JavaThread "Build operations Thread 2" [_thread_blocked, id=6124, stack(0x000000001f850000,0x000000001f950000)]
  0x000000001b6c3800 JavaThread "Build operations" [_thread_blocked, id=7624, stack(0x000000001f750000,0x000000001f850000)]
  0x00000000185d9000 JavaThread "Cache worker for execution history cache (C:\Users\cyber\.gradle\caches\5.1.1\executionHistory)" [_thread_blocked, id=9644, stack(0x000000001f450000,0x000000001f550000)]
  0x00000000185d6000 JavaThread "Cache worker for cache directory md-rule (C:\Users\cyber\.gradle\caches\5.1.1\md-rule)" [_thread_blocked, id=1256, stack(0x000000001f350000,0x000000001f450000)]
  0x00000000185d3000 JavaThread "Cache worker for cache directory md-supplier (C:\Users\cyber\.gradle\caches\5.1.1\md-supplier)" [_thread_blocked, id=7476, stack(0x000000001f250000,0x000000001f350000)]
  0x00000000185d7000 JavaThread "Cache worker for file hash cache (C:\Users\cyber\AndroidStudioProjects\Mapademejico\.gradle\5.1.1\fileHashes)" [_thread_blocked, id=3476, stack(0x000000001e110000,0x000000001e210000)]
  0x00000000185d4000 JavaThread "Cache worker for journal cache (C:\Users\cyber\.gradle\caches\journal-1)" [_thread_blocked, id=9064, stack(0x000000001aea0000,0x000000001afa0000)]
  0x00000000185dd000 JavaThread "File lock request listener" [_thread_in_native, id=8704, stack(0x000000001ada0000,0x000000001aea0000)]
  0x00000000194d8000 JavaThread "Cache worker for file hash cache (C:\Users\cyber\.gradle\caches\5.1.1\fileHashes)" [_thread_blocked, id=3856, stack(0x000000001aca0000,0x000000001ada0000)]
  0x0000000018547000 JavaThread "Thread-8" [_thread_blocked, id=2608, stack(0x000000001aba0000,0x000000001aca0000)]
  0x0000000018546000 JavaThread "Stdin handler" [_thread_blocked, id=5280, stack(0x000000001aaa0000,0x000000001aba0000)]
  0x0000000018545800 JavaThread "Asynchronous log dispatcher for DefaultDaemonConnection: socket connection from /127.0.0.1:50908 to /127.0.0.1:50909" [_thread_blocked, id=7648, stack(0x000000001a9a0000,0x000000001aaa0000)]
  0x0000000017e5f000 JavaThread "Daemon worker" [_thread_in_native, id=8544, stack(0x000000001a8a0000,0x000000001a9a0000)]
  0x00000000193b8000 JavaThread "Cancel handler" [_thread_blocked, id=10440, stack(0x000000001a7a0000,0x000000001a8a0000)]
  0x0000000017ec3800 JavaThread "Handler for socket connection from /127.0.0.1:50908 to /127.0.0.1:50909" [_thread_in_native, id=2816, stack(0x000000001a4a0000,0x000000001a5a0000)]
  0x0000000017ebe800 JavaThread "Daemon" [_thread_blocked, id=7328, stack(0x000000001a3a0000,0x000000001a4a0000)]
  0x0000000018b5b000 JavaThread "Daemon periodic checks" [_thread_blocked, id=8320, stack(0x000000001a2a0000,0x000000001a3a0000)]
  0x0000000019392800 JavaThread "Incoming local TCP Connector on port 50908" [_thread_in_native, id=8996, stack(0x000000001a040000,0x000000001a140000)]
  0x000000001640c800 JavaThread "Service Thread" daemon [_thread_blocked, id=4960, stack(0x0000000018130000,0x0000000018230000)]
  0x00000000163ba800 JavaThread "C1 CompilerThread2" daemon [_thread_blocked, id=10392, stack(0x0000000017c30000,0x0000000017d30000)]
=>0x00000000163af000 JavaThread "C2 CompilerThread1" daemon [_thread_in_native, id=1852, stack(0x0000000017b30000,0x0000000017c30000)]
  0x00000000163ab800 JavaThread "C2 CompilerThread0" daemon [_thread_in_native, id=4156, stack(0x0000000017a30000,0x0000000017b30000)]
  0x00000000163aa800 JavaThread "Attach Listener" daemon [_thread_blocked, id=3520, stack(0x0000000017930000,0x0000000017a30000)]
  0x00000000163a9800 JavaThread "Signal Dispatcher" daemon [_thread_blocked, id=10760, stack(0x0000000017830000,0x0000000017930000)]
  0x0000000002a36000 JavaThread "Finalizer" daemon [_thread_blocked, id=1688, stack(0x0000000017610000,0x0000000017710000)]
  0x0000000002a30800 JavaThread "Reference Handler" daemon [_thread_blocked, id=3692, stack(0x0000000017510000,0x0000000017610000)]
  0x0000000002942800 JavaThread "main" [_thread_blocked, id=7312, stack(0x0000000002760000,0x0000000002860000)]

Other Threads:
  0x0000000016376000 VMThread [stack: 0x0000000017410000,0x0000000017510000] [id=8912]
  0x000000001640e800 WatcherThread [stack: 0x0000000018230000,0x0000000018330000] [id=5832]

VM state:not at safepoint (normal execution)

VM Mutex/Monitor currently owned by a thread: None

Heap:
 PSYoungGen      total 182272K, used 11006K [0x00000000e0000000, 0x00000000ebd80000, 0x0000000100000000)
  eden space 169984K, 6% used [0x00000000e0000000,0x00000000e0abfaa0,0x00000000ea600000)
  from space 12288K, 0% used [0x00000000eb180000,0x00000000eb180000,0x00000000ebd80000)
  to   space 11776K, 0% used [0x00000000ea600000,0x00000000ea600000,0x00000000eb180000)
 ParOldGen       total 86528K, used 32103K [0x00000000a0000000, 0x00000000a5480000, 0x00000000e0000000)
  object space 86528K, 37% used [0x00000000a0000000,0x00000000a1f59fe0,0x00000000a5480000)
 Metaspace       used 58112K, capacity 59644K, committed 59800K, reserved 1103872K
  class space    used 7861K, capacity 8269K, committed 8352K, reserved 1048576K

Card table byte_map: [0x0000000011e00000,0x0000000012110000] byte_map_base: 0x0000000011900000

Marking Bits: (ParMarkBitMap*) 0x0000000060c75aa0
 Begin Bits: [0x0000000012710000, 0x0000000013f10000)
 End Bits:   [0x0000000013f10000, 0x0000000015710000)

Polling page: 0x00000000009d0000

CodeCache: size=245760Kb used=17376Kb max_used=17376Kb free=228383Kb
 bounds [0x0000000002a40000, 0x0000000003b50000, 0x0000000011a40000]
 total_blobs=5945 nmethods=5157 adapters=702
 compilation: enabled

Compilation events (10 events):
Event: 18.368 Thread 0x00000000163ba800 nmethod 5379 0x0000000003b40410 code [0x0000000003b40560, 0x0000000003b40750]
Event: 18.369 Thread 0x00000000163ba800 5380       3       org.gradle.internal.operations.OperationFinishEvent::getEndTime (5 bytes)
Event: 18.369 Thread 0x00000000163ba800 nmethod 5380 0x0000000003b40810 code [0x0000000003b40960, 0x0000000003b40ab0]
Event: 18.369 Thread 0x00000000163ba800 5381       3       java.nio.Buffer::discardMark (6 bytes)
Event: 18.369 Thread 0x00000000163ba800 nmethod 5381 0x0000000003b40b50 code [0x0000000003b40ca0, 0x0000000003b40df0]
Event: 18.371 Thread 0x00000000163ba800 5382       3       org.gradle.api.internal.AbstractClassGenerator$PropertyMetaData::addSetMethod (12 bytes)
Event: 18.371 Thread 0x00000000163ba800 nmethod 5382 0x0000000003b40e50 code [0x0000000003b40fc0, 0x0000000003b411e8]
Event: 18.379 Thread 0x00000000163ba800 5384       3       com.google.common.base.Preconditions::checkNotNull (18 bytes)
Event: 18.380 Thread 0x00000000163ba800 nmethod 5384 0x0000000003b412d0 code [0x0000000003b41460, 0x0000000003b417f8]
Event: 18.387 Thread 0x00000000163ba800 5385       3       java.util.regex.Matcher::end (22 bytes)

GC Heap History (10 events):
Event: 12.463 GC heap before
{Heap before GC invocations=11 (full 1):
 PSYoungGen      total 120320K, used 24219K [0x00000000e0000000, 0x00000000ebd80000, 0x0000000100000000)
  eden space 110080K, 12% used [0x00000000e0000000,0x00000000e0dad450,0x00000000e6b80000)
  from space 10240K, 99% used [0x00000000e6b80000,0x00000000e75799e0,0x00000000e7580000)
  to   space 12288K, 0% used [0x00000000eb180000,0x00000000eb180000,0x00000000ebd80000)
 ParOldGen       total 41984K, used 8886K [0x00000000a0000000, 0x00000000a2900000, 0x00000000e0000000)
  object space 41984K, 21% used [0x00000000a0000000,0x00000000a08ad8b0,0x00000000a2900000)
 Metaspace       used 34606K, capacity 35282K, committed 35496K, reserved 1081344K
  class space    used 4770K, capacity 4988K, committed 5040K, reserved 1048576K
Event: 12.479 GC heap after
Heap after GC invocations=11 (full 1):
 PSYoungGen      total 182272K, used 5444K [0x00000000e0000000, 0x00000000ebd80000, 0x0000000100000000)
  eden space 169984K, 0% used [0x00000000e0000000,0x00000000e0000000,0x00000000ea600000)
  from space 12288K, 44% used [0x00000000eb180000,0x00000000eb6d1038,0x00000000ebd80000)
  to   space 11776K, 0% used [0x00000000ea600000,0x00000000ea600000,0x00000000eb180000)
 ParOldGen       total 41984K, used 11806K [0x00000000a0000000, 0x00000000a2900000, 0x00000000e0000000)
  object space 41984K, 28% used [0x00000000a0000000,0x00000000a0b878c0,0x00000000a2900000)
 Metaspace       used 34606K, capacity 35282K, committed 35496K, reserved 1081344K
  class space    used 4770K, capacity 4988K, committed 5040K, reserved 1048576K
}
Event: 12.479 GC heap before
{Heap before GC invocations=12 (full 2):
 PSYoungGen      total 182272K, used 5444K [0x00000000e0000000, 0x00000000ebd80000, 0x0000000100000000)
  eden space 169984K, 0% used [0x00000000e0000000,0x00000000e0000000,0x00000000ea600000)
  from space 12288K, 44% used [0x00000000eb180000,0x00000000eb6d1038,0x00000000ebd80000)
  to   space 11776K, 0% used [0x00000000ea600000,0x00000000ea600000,0x00000000eb180000)
 ParOldGen       total 41984K, used 11806K [0x00000000a0000000, 0x00000000a2900000, 0x00000000e0000000)
  object space 41984K, 28% used [0x00000000a0000000,0x00000000a0b878c0,0x00000000a2900000)
 Metaspace       used 34606K, capacity 35282K, committed 35496K, reserved 1081344K
  class space    used 4770K, capacity 4988K, committed 5040K, reserved 1048576K
Event: 12.574 GC heap after
Heap after GC invocations=12 (full 2):
 PSYoungGen      total 182272K, used 0K [0x00000000e0000000, 0x00000000ebd80000, 0x0000000100000000)
  eden space 169984K, 0% used [0x00000000e0000000,0x00000000e0000000,0x00000000ea600000)
  from space 12288K, 0% used [0x00000000eb180000,0x00000000eb180000,0x00000000ebd80000)
  to   space 11776K, 0% used [0x00000000ea600000,0x00000000ea600000,0x00000000eb180000)
 ParOldGen       total 56320K, used 15208K [0x00000000a0000000, 0x00000000a3700000, 0x00000000e0000000)
  object space 56320K, 27% used [0x00000000a0000000,0x00000000a0eda1c8,0x00000000a3700000)
 Metaspace       used 34606K, capacity 35282K, committed 35496K, reserved 1081344K
  class space    used 4770K, capacity 4988K, committed 5040K, reserved 1048576K
}
Event: 16.319 GC heap before
{Heap before GC invocations=13 (full 2):
 PSYoungGen      total 182272K, used 169984K [0x00000000e0000000, 0x00000000ebd80000, 0x0000000100000000)
  eden space 169984K, 100% used [0x00000000e0000000,0x00000000ea600000,0x00000000ea600000)
  from space 12288K, 0% used [0x00000000eb180000,0x00000000eb180000,0x00000000ebd80000)
  to   space 11776K, 0% used [0x00000000ea600000,0x00000000ea600000,0x00000000eb180000)
 ParOldGen       total 56320K, used 15208K [0x00000000a0000000, 0x00000000a3700000, 0x00000000e0000000)
  object space 56320K, 27% used [0x00000000a0000000,0x00000000a0eda1c8,0x00000000a3700000)
 Metaspace       used 50962K, capacity 52076K, committed 52264K, reserved 1095680K
  class space    used 6806K, capacity 7095K, committed 7216K, reserved 1048576K
Event: 16.349 GC heap after
Heap after GC invocations=13 (full 2):
 PSYoungGen      total 181760K, used 11774K [0x00000000e0000000, 0x00000000ebd80000, 0x0000000100000000)
  eden space 169984K, 0% used [0x00000000e0000000,0x00000000e0000000,0x00000000ea600000)
  from space 11776K, 99% used [0x00000000ea600000,0x00000000eb17f8e0,0x00000000eb180000)
  to   space 12288K, 0% used [0x00000000eb180000,0x00000000eb180000,0x00000000ebd80000)
 ParOldGen       total 56320K, used 22381K [0x00000000a0000000, 0x00000000a3700000, 0x00000000e0000000)
  object space 56320K, 39% used [0x00000000a0000000,0x00000000a15db448,0x00000000a3700000)
 Metaspace       used 50962K, capacity 52076K, committed 52264K, reserved 1095680K
  class space    used 6806K, capacity 7095K, committed 7216K, reserved 1048576K
}
Event: 17.830 GC heap before
{Heap before GC invocations=14 (full 2):
 PSYoungGen      total 181760K, used 95795K [0x00000000e0000000, 0x00000000ebd80000, 0x0000000100000000)
  eden space 169984K, 49% used [0x00000000e0000000,0x00000000e520d3a0,0x00000000ea600000)
  from space 11776K, 99% used [0x00000000ea600000,0x00000000eb17f8e0,0x00000000eb180000)
  to   space 12288K, 0% used [0x00000000eb180000,0x00000000eb180000,0x00000000ebd80000)
 ParOldGen       total 56320K, used 22381K [0x00000000a0000000, 0x00000000a3700000, 0x00000000e0000000)
  object space 56320K, 39% used [0x00000000a0000000,0x00000000a15db448,0x00000000a3700000)
 Metaspace       used 57554K, capacity 59048K, committed 59160K, reserved 1101824K
  class space    used 7770K, capacity 8115K, committed 8224K, reserved 1048576K
Event: 17.859 GC heap after
Heap after GC invocations=14 (full 2):
 PSYoungGen      total 182272K, used 9825K [0x00000000e0000000, 0x00000000ebd80000, 0x0000000100000000)
  eden space 169984K, 0% used [0x00000000e0000000,0x00000000e0000000,0x00000000ea600000)
  from space 12288K, 79% used [0x00000000eb180000,0x00000000ebb187f0,0x00000000ebd80000)
  to   space 11776K, 0% used [0x00000000ea600000,0x00000000ea600000,0x00000000eb180000)
 ParOldGen       total 56320K, used 31153K [0x00000000a0000000, 0x00000000a3700000, 0x00000000e0000000)
  object space 56320K, 55% used [0x00000000a0000000,0x00000000a1e6c6d8,0x00000000a3700000)
 Metaspace       used 57554K, capacity 59048K, committed 59160K, reserved 1101824K
  class space    used 7770K, capacity 8115K, committed 8224K, reserved 1048576K
}
Event: 17.859 GC heap before
{Heap before GC invocations=15 (full 3):
 PSYoungGen      total 182272K, used 9825K [0x00000000e0000000, 0x00000000ebd80000, 0x0000000100000000)
  eden space 169984K, 0% used [0x00000000e0000000,0x00000000e0000000,0x00000000ea600000)
  from space 12288K, 79% used [0x00000000eb180000,0x00000000ebb187f0,0x00000000ebd80000)
  to   space 11776K, 0% used [0x00000000ea600000,0x00000000ea600000,0x00000000eb180000)
 ParOldGen       total 56320K, used 31153K [0x00000000a0000000, 0x00000000a3700000, 0x00000000e0000000)
  object space 56320K, 55% used [0x00000000a0000000,0x00000000a1e6c6d8,0x00000000a3700000)
 Metaspace       used 57554K, capacity 59048K, committed 59160K, reserved 1101824K
  class space    used 7770K, capacity 8115K, committed 8224K, reserved 1048576K
Event: 18.155 GC heap after
Heap after GC invocations=15 (full 3):
 PSYoungGen      total 182272K, used 0K [0x00000000e0000000, 0x00000000ebd80000, 0x0000000100000000)
  eden space 169984K, 0% used [0x00000000e0000000,0x00000000e0000000,0x00000000ea600000)
  from space 12288K, 0% used [0x00000000eb180000,0x00000000eb180000,0x00000000ebd80000)
  to   space 11776K, 0% used [0x00000000ea600000,0x00000000ea600000,0x00000000eb180000)
 ParOldGen       total 86528K, used 32103K [0x00000000a0000000, 0x00000000a5480000, 0x00000000e0000000)
  object space 86528K, 37% used [0x00000000a0000000,0x00000000a1f59fe0,0x00000000a5480000)
 Metaspace       used 57554K, capacity 59048K, committed 59160K, reserved 1101824K
  class space    used 7770K, capacity 8115K, committed 8224K, reserved 1048576K
}

Deoptimization events (10 events):
Event: 16.087 Thread 0x0000000017e5f000 Uncommon trap: reason=unstable_if action=reinterpret pc=0x0000000003802148 method=com.sun.org.apache.xerces.internal.impl.io.UTF8Reader.read([CII)I @ 131
Event: 16.088 Thread 0x0000000017e5f000 Uncommon trap: reason=unstable_if action=reinterpret pc=0x00000000037eb1bc method=com.sun.org.apache.xerces.internal.impl.io.UTF8Reader.read([CII)I @ 131
Event: 16.088 Thread 0x0000000017e5f000 Uncommon trap: reason=unstable_if action=reinterpret pc=0x00000000037e38b8 method=java.util.regex.Pattern$BitClass.isSatisfiedBy(I)Z @ 4
Event: 16.089 Thread 0x0000000017e5f000 Uncommon trap: reason=unstable_if action=reinterpret pc=0x00000000037ace4c method=java.util.regex.Pattern$Ctype.isSatisfiedBy(I)Z @ 4
Event: 16.246 Thread 0x0000000017e5f000 Uncommon trap: reason=unstable_if action=reinterpret pc=0x00000000037af2f4 method=com.sun.org.apache.xerces.internal.impl.XMLEntityScanner.checkBeforeLoad(Lcom/sun/xml/internal/stream/Entity$ScannedEntity;II)I @ 18
Event: 16.784 Thread 0x0000000017e5f000 Uncommon trap: reason=unstable_if action=reinterpret pc=0x0000000002ff59c4 method=java.lang.String.lastIndexOf([CII[CIII)I @ 17
Event: 16.949 Thread 0x0000000017e5f000 Uncommon trap: reason=unstable_if action=reinterpret pc=0x0000000002f367f8 method=java.util.concurrent.ConcurrentHashMap.putVal(Ljava/lang/Object;Ljava/lang/Object;Z)Ljava/lang/Object; @ 195
Event: 16.996 Thread 0x0000000017e5f000 Uncommon trap: reason=unstable_if action=reinterpret pc=0x000000000399b688 method=kotlin.reflect.jvm.internal.impl.protobuf.CodedInputStream.readRawVarint32()I @ 10
Event: 17.571 Thread 0x0000000017e5f000 Uncommon trap: reason=unstable_if action=reinterpret pc=0x0000000003345b38 method=java.io.WinNTFileSystem.normalize(Ljava/lang/String;)Ljava/lang/String; @ 74
Event: 17.692 Thread 0x0000000017e5f000 Uncommon trap: reason=unstable_if action=reinterpret pc=0x0000000003a58784 method=org.gradle.internal.reflect.PropertyAccessorType.of(Ljava/lang/reflect/Method;)Lorg/gradle/internal/reflect/PropertyAccessorType; @ 4

Classes redefined (0 events):
No events

Internal exceptions (10 events):
Event: 17.510 Thread 0x0000000017e5f000 Exception <a 'java/lang/ClassNotFoundException': com/android/build/gradle/internal/api/ApkVariantOutputImpl_DecoratedBeanInfo> (0x00000000e403c620) thrown at [D:\src\AOSP-openjdk-cygwin\jdk8u\hotspot\src\share\vm\classfile\systemDictionary.cpp, line 210]
Event: 17.510 Thread 0x0000000017e5f000 Exception <a 'java/lang/ClassNotFoundException': com/android/build/gradle/internal/api/ApkVariantOutputImplBeanInfo> (0x00000000e4056748) thrown at [D:\src\AOSP-openjdk-cygwin\jdk8u\hotspot\src\share\vm\classfile\systemDictionary.cpp, line 210]
Event: 17.510 Thread 0x0000000017e5f000 Exception <a 'java/lang/ClassNotFoundException': com/android/build/gradle/internal/api/BaseVariantOutputImplBeanInfo> (0x00000000e4071820) thrown at [D:\src\AOSP-openjdk-cygwin\jdk8u\hotspot\src\share\vm\classfile\systemDictionary.cpp, line 210]
Event: 17.511 Thread 0x0000000017e5f000 Exception <a 'java/lang/ClassNotFoundException': com/android/build/gradle/internal/api/BaseVariantOutputImplCustomizer> (0x00000000e408cd90) thrown at [D:\src\AOSP-openjdk-cygwin\jdk8u\hotspot\src\share\vm\classfile\systemDictionary.cpp, line 210]
Event: 17.513 Thread 0x0000000017e5f000 Exception <a 'java/lang/ClassNotFoundException': com/android/build/gradle/internal/api/ApkVariantOutputImplCustomizer> (0x00000000e40ca2e8) thrown at [D:\src\AOSP-openjdk-cygwin\jdk8u\hotspot\src\share\vm\classfile\systemDictionary.cpp, line 210]
Event: 17.513 Thread 0x0000000017e5f000 Exception <a 'java/lang/ClassNotFoundException': com/android/build/gradle/internal/api/ApkVariantOutputImpl_DecoratedCustomizer> (0x00000000e40fa7b0) thrown at [D:\src\AOSP-openjdk-cygwin\jdk8u\hotspot\src\share\vm\classfile\systemDictionary.cpp, line 210
Event: 17.772 Thread 0x0000000017e5f000 Exception <a 'java/lang/NoSuchMethodError': java.lang.Object.lambda$static$0(Ljava/util/Set;Ljava/util/Set;)Z> (0x00000000e4d5f940) thrown at [D:\src\AOSP-openjdk-cygwin\jdk8u\hotspot\src\share\vm\interpreter\linkResolver.cpp, line 584]
Event: 17.772 Thread 0x0000000017e5f000 Exception <a 'java/lang/NoSuchMethodError': java.lang.Object.lambda$static$1(Ljava/util/Set;Ljava/util/Set;)Z> (0x00000000e4d626c8) thrown at [D:\src\AOSP-openjdk-cygwin\jdk8u\hotspot\src\share\vm\interpreter\linkResolver.cpp, line 584]
Event: 17.773 Thread 0x0000000017e5f000 Exception <a 'java/lang/NoSuchMethodError': java.lang.Object.lambda$static$2(Ljava/util/Set;Ljava/util/Set;)Z> (0x00000000e4d65020) thrown at [D:\src\AOSP-openjdk-cygwin\jdk8u\hotspot\src\share\vm\interpreter\linkResolver.cpp, line 584]
Event: 17.773 Thread 0x0000000017e5f000 Exception <a 'java/lang/NoSuchMethodError': java.lang.Object.lambda$static$3(Ljava/util/Set;Ljava/util/Set;)Z> (0x00000000e4d67978) thrown at [D:\src\AOSP-openjdk-cygwin\jdk8u\hotspot\src\share\vm\interpreter\linkResolver.cpp, line 584]

Events (10 events):
Event: 18.382 loading class com/android/build/gradle/internal/scope/ExistingBuildElements
Event: 18.382 loading class com/android/build/gradle/internal/scope/ExistingBuildElements done
Event: 18.382 loading class com/android/build/gradle/internal/scope/ExistingBuildElements$Companion
Event: 18.382 loading class com/android/build/gradle/internal/scope/ExistingBuildElements$Companion done
Event: 18.383 loading class com/android/build/gradle/internal/scope/ExistingBuildElements$ApkDataAdapter
Event: 18.383 loading class com/android/build/gradle/internal/scope/ExistingBuildElements$ApkDataAdapter done
Event: 18.385 loading class com/google/gson/internal/Streams
Event: 18.385 loading class com/google/gson/internal/Streams done
Event: 18.385 loading class com/google/gson/internal/Streams$AppendableWriter
Event: 18.385 loading class com/google/gson/internal/Streams$AppendableWriter done


Dynamic libraries:
0x00007ff7b07b0000 - 0x00007ff7b07e1000 	C:\Program Files\Android\Android Studio1\jre\bin\java.exe
0x00007ffa09690000 - 0x00007ffa09871000 	C:\WINDOWS\SYSTEM32\ntdll.dll
0x00007ffa06f00000 - 0x00007ffa06fb1000 	C:\WINDOWS\System32\KERNEL32.DLL
0x00007ffa060b0000 - 0x00007ffa06323000 	C:\WINDOWS\System32\KERNELBASE.dll
0x00007ffa06e50000 - 0x00007ffa06ef1000 	C:\WINDOWS\System32\ADVAPI32.dll
0x00007ffa06fc0000 - 0x00007ffa0705e000 	C:\WINDOWS\System32\msvcrt.dll
0x00007ffa075d0000 - 0x00007ffa0762b000 	C:\WINDOWS\System32\sechost.dll
0x00007ffa07a20000 - 0x00007ffa07b44000 	C:\WINDOWS\System32\RPCRT4.dll
0x00007ffa07100000 - 0x00007ffa07290000 	C:\WINDOWS\System32\USER32.dll
0x00007ffa05a60000 - 0x00007ffa05a80000 	C:\WINDOWS\System32\win32u.dll
0x00007ffa07410000 - 0x00007ffa07438000 	C:\WINDOWS\System32\GDI32.dll
0x00007ffa05e10000 - 0x00007ffa05fa2000 	C:\WINDOWS\System32\gdi32full.dll
0x00007ffa05a80000 - 0x00007ffa05b1f000 	C:\WINDOWS\System32\msvcp_win.dll
0x00007ffa05d10000 - 0x00007ffa05e08000 	C:\WINDOWS\System32\ucrtbase.dll
0x00007ff9feb20000 - 0x00007ff9fed89000 	C:\WINDOWS\WinSxS\amd64_microsoft.windows.common-controls_6595b64144ccf1df_6.0.17134.765_none_fb42a1a930655896\COMCTL32.dll
0x00007ffa06b20000 - 0x00007ffa06e42000 	C:\WINDOWS\System32\combase.dll
0x00007ffa06a40000 - 0x00007ffa06aba000 	C:\WINDOWS\System32\bcryptPrimitives.dll
0x00007ffa07b50000 - 0x00007ffa07b7d000 	C:\WINDOWS\System32\IMM32.DLL
0x000000005dae0000 - 0x000000005dbb2000 	C:\Program Files\Android\Android Studio1\jre\jre\bin\msvcr100.dll
0x00000000604b0000 - 0x0000000060cf1000 	C:\Program Files\Android\Android Studio1\jre\jre\bin\server\jvm.dll
0x00007ffa079b0000 - 0x00007ffa079b8000 	C:\WINDOWS\System32\PSAPI.DLL
0x00007ff9f1b40000 - 0x00007ff9f1b49000 	C:\WINDOWS\SYSTEM32\WSOCK32.dll
0x00007ffa095f0000 - 0x00007ffa0965c000 	C:\WINDOWS\System32\WS2_32.dll
0x00007ffa03a20000 - 0x00007ffa03a43000 	C:\WINDOWS\SYSTEM32\WINMM.dll
0x00007ffa01570000 - 0x00007ffa0157a000 	C:\WINDOWS\SYSTEM32\VERSION.dll
0x00007ffa039f0000 - 0x00007ffa03a1a000 	C:\WINDOWS\SYSTEM32\WINMMBASE.dll
0x00007ffa06060000 - 0x00007ffa060a9000 	C:\WINDOWS\System32\cfgmgr32.dll
0x00007ff9e9fb0000 - 0x00007ff9e9fbf000 	C:\Program Files\Android\Android Studio1\jre\jre\bin\verify.dll
0x00007ff9da5f0000 - 0x00007ff9da619000 	C:\Program Files\Android\Android Studio1\jre\jre\bin\java.dll
0x00007ff9da5d0000 - 0x00007ff9da5e6000 	C:\Program Files\Android\Android Studio1\jre\jre\bin\zip.dll
0x00007ffa08030000 - 0x00007ffa09470000 	C:\WINDOWS\System32\SHELL32.dll
0x00007ffa07440000 - 0x00007ffa074e9000 	C:\WINDOWS\System32\shcore.dll
0x00007ffa06330000 - 0x00007ffa06a3d000 	C:\WINDOWS\System32\windows.storage.dll
0x00007ffa07b80000 - 0x00007ffa07bd1000 	C:\WINDOWS\System32\shlwapi.dll
0x00007ffa05a20000 - 0x00007ffa05a31000 	C:\WINDOWS\System32\kernel.appcore.dll
0x00007ffa05a00000 - 0x00007ffa05a1f000 	C:\WINDOWS\System32\profapi.dll
0x00007ffa059a0000 - 0x00007ffa059ec000 	C:\WINDOWS\System32\powrprof.dll
0x00007ffa059f0000 - 0x00007ffa059fa000 	C:\WINDOWS\System32\FLTLIB.DLL
0x00007ff9e76d0000 - 0x00007ff9e76ea000 	C:\Program Files\Android\Android Studio1\jre\jre\bin\net.dll
0x00007ffa051c0000 - 0x00007ffa05226000 	C:\WINDOWS\system32\mswsock.dll
0x00007ff9d94e0000 - 0x00007ff9d94f1000 	C:\Program Files\Android\Android Studio1\jre\jre\bin\nio.dll
0x00007ff9f23e0000 - 0x00007ff9f23fe000 	C:\Users\cyber\.gradle\native\25\windows-amd64\native-platform.dll
0x00007ff9d94d0000 - 0x00007ff9d94dd000 	C:\Program Files\Android\Android Studio1\jre\jre\bin\management.dll
0x00007ffa05380000 - 0x00007ffa05397000 	C:\WINDOWS\SYSTEM32\CRYPTSP.dll
0x00007ffa04da0000 - 0x00007ffa04dd3000 	C:\WINDOWS\system32\rsaenh.dll
0x00007ffa054a0000 - 0x00007ffa054c5000 	C:\WINDOWS\SYSTEM32\bcrypt.dll
0x00007ffa058a0000 - 0x00007ffa058c8000 	C:\WINDOWS\SYSTEM32\USERENV.dll
0x00007ffa05370000 - 0x00007ffa0537b000 	C:\WINDOWS\SYSTEM32\CRYPTBASE.dll
0x00007ffa04f40000 - 0x00007ffa04f78000 	C:\WINDOWS\SYSTEM32\IPHLPAPI.DLL
0x00007ffa09480000 - 0x00007ffa09488000 	C:\WINDOWS\System32\NSI.dll
0x00007ffa00800000 - 0x00007ffa00816000 	C:\WINDOWS\SYSTEM32\dhcpcsvc6.DLL
0x00007ffa007e0000 - 0x00007ffa007fa000 	C:\WINDOWS\SYSTEM32\dhcpcsvc.DLL

VM Arguments:
jvm_args: -Xmx1536m -Dfile.encoding=windows-1252 -Duser.country=ES -Duser.language=es -Duser.variant 
java_command: org.gradle.launcher.daemon.bootstrap.GradleDaemon 5.1.1
java_class_path (initial): C:\Users\cyber\.gradle\wrapper\dists\gradle-5.1.1-all\97z1ksx6lirer3kbvdnh7jtjg\gradle-5.1.1\lib\gradle-launcher-5.1.1.jar
Launcher Type: SUN_STANDARD

Environment Variables:
PATH=C:\Program Files (x86)\AMD APP\bin\x86_64;C:\Program Files (x86)\AMD APP\bin\x86;C:\Python27\;C:\Python27\Scripts;C:\Program Files (x86)\Common Files\Oracle\Java\javapath;C:\ProgramData\Oracle\Java\javapath;C:\WINDOWS\system32;C:\WINDOWS;C:\WINDOWS\System32\Wbem;C:\WINDOWS\System32\WindowsPowerShell\v1.0\;C:\Program Files (x86)\NVIDIA Corporation\PhysX\Common;C:\WINDOWS\System32\OpenSSH\;C:\Program Files\AutoFirma\AutoFirma;C:\Program Files (x86)\Brackets\command;C:\ProgramData\ComposerSetup\bin;C:\Program Files\Git\cmd;C:\Program Files\Git\mingw64\bin;C:\Program Files\Git\usr\bin;C:\Program Files\NVIDIA Corporation\NVIDIA NvDLISR;C:\Program Files\Microsoft VS Code\bin;C:\Program Files\nodejs\;C:\ProgramData\chocolatey\bin;C:\Program Files\MongoDB\Server\4.0\bin;C:\HashiCorp\Vagrant\bin;C:\Program Files\Oracle\VirtualBox;c:\wamp\bin\php\php7.2.10;C:\Ruby25-x64\bin;E:\python\Scripts\;E:\python\;C:\Users\cyber\AppData\Local\Microsoft\WindowsApps;C:\Program Files\Microsoft VS Code\bin;C:\Users\cyber\AppData\Roaming\Composer\vendor\bin;C:\Users\cyber\AppData\Roaming\Python\Python36\Scripts;C:\Users\cyber\AppData\Roaming\npm;C:\Program Files\Java\jdk-10\bin;
USERNAME=cyber
OS=Windows_NT
PROCESSOR_IDENTIFIER=AMD64 Family 18 Model 1 Stepping 0, AuthenticAMD



---------------  S Y S T E M  ---------------

OS: Windows 10.0 , 64 bit Build 17134 (10.0.17134.753)

CPU:total 4 (initial active 4) (4 cores per cpu, 1 threads per core) family 18 model 1 stepping 0, cmov, cx8, fxsr, mmx, sse, sse2, sse3, popcnt, mmxext, 3dnowpref, lzcnt, sse4a, tsc, tscinvbit, tscinv

Memory: 4k page, physical 7335392k(840308k free), swap 7335392k(4268k free)

vm_info: OpenJDK 64-Bit Server VM (25.152-b01) for windows-amd64 JRE (1.8.0_152-release-1343-b01), built by "builder" with MS VC++ 10.0 (VS2010)

time: Fri Jun 07 19:15:33 2019
elapsed time: 18 seconds (0d 0h 0m 18s)

